0 info it worked if it ends with ok
1 verbose cli [ '/Users/twhite/.nvm/versions/node/v6.0.0/bin/node',
1 verbose cli   '/Users/twhite/.nvm/versions/node/v6.0.0/bin/npm',
1 verbose cli   'run',
1 verbose cli   'dev' ]
2 info using npm@3.8.6
3 info using node@v6.0.0
4 verbose run-script [ 'predev', 'dev', 'postdev' ]
5 info lifecycle notch@0.1.0~predev: notch@0.1.0
6 silly lifecycle notch@0.1.0~predev: no script for predev, continuing
7 info lifecycle notch@0.1.0~dev: notch@0.1.0
8 verbose lifecycle notch@0.1.0~dev: unsafe-perm in lifecycle true
9 verbose lifecycle notch@0.1.0~dev: PATH: /Users/twhite/.nvm/versions/node/v6.0.0/lib/node_modules/npm/bin/node-gyp-bin:/Users/twhite/Projects/notch/node_modules/.bin:/Users/twhite/.nvm/versions/node/v6.0.0/bin:/Users/twhite/.nvm/versions/node/v6.0.0/bin:/Users/twhite/mongodb/bin:/Users/twhite/.composer/vendor/bin:/Applications/MAMP/bin/php/php7.1.1/bin:/usr/local/bin:/usr/bin:/bin:/usr/sbin:/sbin:/opt/X11/bin:/usr/local/git/bin:/usr/local/bin
10 verbose lifecycle notch@0.1.0~dev: CWD: /Users/twhite/Projects/notch
11 silly lifecycle notch@0.1.0~dev: Args: [ '-c', 'webpack-dev-server -d --config webpack.config.js' ]
12 silly lifecycle notch@0.1.0~dev: Returned: code: 1  signal: null
13 info lifecycle notch@0.1.0~dev: Failed to exec dev script
14 verbose stack Error: notch@0.1.0 dev: `webpack-dev-server -d --config webpack.config.js`
14 verbose stack Exit status 1
14 verbose stack     at EventEmitter.<anonymous> (/Users/twhite/.nvm/versions/node/v6.0.0/lib/node_modules/npm/lib/utils/lifecycle.js:239:16)
14 verbose stack     at emitTwo (events.js:106:13)
14 verbose stack     at EventEmitter.emit (events.js:191:7)
14 verbose stack     at ChildProcess.<anonymous> (/Users/twhite/.nvm/versions/node/v6.0.0/lib/node_modules/npm/lib/utils/spawn.js:24:14)
14 verbose stack     at emitTwo (events.js:106:13)
14 verbose stack     at ChildProcess.emit (events.js:191:7)
14 verbose stack     at maybeClose (internal/child_process.js:850:16)
14 verbose stack     at Process.ChildProcess._handle.onexit (internal/child_process.js:215:5)
15 verbose pkgid notch@0.1.0
16 verbose cwd /Users/twhite/Projects/notch
17 error Darwin 15.6.0
18 error argv "/Users/twhite/.nvm/versions/node/v6.0.0/bin/node" "/Users/twhite/.nvm/versions/node/v6.0.0/bin/npm" "run" "dev"
19 error node v6.0.0
20 error npm  v3.8.6
21 error code ELIFECYCLE
22 error notch@0.1.0 dev: `webpack-dev-server -d --config webpack.config.js`
22 error Exit status 1
23 error Failed at the notch@0.1.0 dev script 'webpack-dev-server -d --config webpack.config.js'.
23 error Make sure you have the latest version of node.js and npm installed.
23 error If you do, this is most likely a problem with the notch package,
23 error not with npm itself.
23 error Tell the author that this fails on your system:
23 error     webpack-dev-server -d --config webpack.config.js
23 error You can get information on how to open an issue for this project with:
23 error     npm bugs notch
23 error Or if that isn't available, you can get their info via:
23 error     npm owner ls notch
23 error There is likely additional logging output above.
24 verbose exit [ 1, true ]
